<?xml version="1.0" encoding="UTF-8"?>
<testsuite xmlns:xsi="http://www.w3.org/2001/XMLSchema-instance" xsi:noNamespaceSchemaLocation="https://maven.apache.org/surefire/maven-surefire-plugin/xsd/surefire-test-report-3.0.xsd" version="3.0" name="inmetrics.runner.Runner" time="20.997" tests="16" errors="0" skipped="0" failures="2">
  <properties>
[...]
</properties>
  <testcase name="Dado acesso a pagina de cadastro." classname="| usuario02 | user1234 | user1235 | Senhas não combinam |" time="0.004">
    <system-out><![CDATA[#language:pt
#utf-8
@all @CT01
Funcionalidade: Cadastro de usuarios
  
  	Objetivo: Preencher os formularios solicitados e realizar um cadastro com sucesso

  @CT01
  Esquema do Cenário: Realizar cadastro de usuario.                                                # 01_cadastro.feature:9
    Dado acesso a pagina de cadastro.
    Entao preencho os  usuario "<usuario>" senha "<senha>" e confirmacao de senha "<confimeSenha>"
    Entao valido a mensagem "<mensagem>" na tela de cadastro

    Exemplos: 
]]></system-out>
    <system-err><![CDATA[SLF4J: Failed to load class "org.slf4j.impl.StaticLoggerBinder".
SLF4J: Defaulting to no-operation (NOP) logger implementation
SLF4J: See http://www.slf4j.org/codes.html#StaticLoggerBinder for further details.
Starting ChromeDriver 88.0.4324.96 (68dba2d8a0b149a1d3afac56fa74648032bcf46b-refs/branch-heads/4324@{#1784}) on port 16276
Only local connections are allowed.
Please see https://chromedriver.chromium.org/security-considerations for suggestions on keeping ChromeDriver safe.
ChromeDriver was started successfully.
fev 17, 2021 2:49:56 PM org.openqa.selenium.remote.ProtocolHandshake createSession
INFORMAÇÕES: Detected dialect: W3C
]]></system-err>
  </testcase>
  <testcase name="Entao preencho os  usuario &quot;usuario02&quot; senha &quot;user1234&quot; e confirmacao de senha &quot;user1235&quot;" classname="| usuario02 | user1234 | user1235 | Senhas não combinam |" time="0.003"/>
  <testcase name="Entao valido a mensagem &quot;Senhas não combinam&quot; na tela de cadastro" classname="| usuario02 | user1234 | user1235 | Senhas não combinam |" time="0.003"/>
  <testcase name="" classname="| usuario02 | user1234 | user1235 | Senhas não combinam |" time="0.004"/>
  <testcase name="Dado acesso a pagina de cadastro." classname="| usuario02 | user1234 | user1234 | Usuário já cadastrado |" time="0">
    <system-out><![CDATA[
  @CT01 @all
  Esquema do Cenário: Realizar cadastro de usuario.                                           # 01_cadastro.feature:16
    Dado acesso a pagina de cadastro.                                                         # CadastroSteps.acesso_a_pagina_de_cadastro()
    Entao preencho os  usuario "usuario02" senha "user1234" e confirmacao de senha "user1235" # CadastroSteps.preencho_os_usuario_senha_e_confirmacao_de_senha(String,String,String)
    Entao valido a mensagem "Senhas não combinam" na tela de cadastro                         # CadastroSteps.valido_a_mensagem_na_tela_de_cadastro(String)
]]></system-out>
  </testcase>
  <testcase name="Entao preencho os  usuario &quot;usuario02&quot; senha &quot;user1234&quot; e confirmacao de senha &quot;user1234&quot;" classname="| usuario02 | user1234 | user1234 | Usuário já cadastrado |" time="0.003"/>
  <testcase name="Entao valido a mensagem &quot;Usuário já cadastrado&quot; na tela de cadastro" classname="| usuario02 | user1234 | user1234 | Usuário já cadastrado |" time="0.002"/>
  <testcase name="" classname="| usuario02 | user1234 | user1234 | Usuário já cadastrado |" time="0.004"/>
  <testcase name="Dado que acesso o site" classname="| usuario02 | 123 | ERRO! Usuário ou Senha inválidos |" time="0">
    <system-out><![CDATA[
  @CT01 @all
  Esquema do Cenário: Realizar cadastro de usuario.                                           # 01_cadastro.feature:17
    Dado acesso a pagina de cadastro.                                                         # CadastroSteps.acesso_a_pagina_de_cadastro()
    Entao preencho os  usuario "usuario02" senha "user1234" e confirmacao de senha "user1234" # CadastroSteps.preencho_os_usuario_senha_e_confirmacao_de_senha(String,String,String)
    Entao valido a mensagem "Usuário já cadastrado" na tela de cadastro                       # CadastroSteps.valido_a_mensagem_na_tela_de_cadastro(String)
#language:pt
#utf-8
@all @CT02
Funcionalidade: login
  
  	Objetivo: Validar login.

  @CT02
  Esquema do Cenário: Realizar login.                               # 02_login.feature:9
    Dado que acesso o site
    Quando efetuo o login com usuario "<usuario>" e senha "<senha>"
    Entao valido a mensagem "<mensagem>" na tela de login

    Exemplos: 

Home Page: https://inm-test-app.herokuapp.com/accounts/login/
]]></system-out>
  </testcase>
  <testcase name="Quando efetuo o login com usuario &quot;usuario02&quot; e senha &quot;123&quot;" classname="| usuario02 | 123 | ERRO! Usuário ou Senha inválidos |" time="0.002"/>
  <testcase name="Entao valido a mensagem &quot;ERRO! Usuário ou Senha inválidos&quot; na tela de login" classname="| usuario02 | 123 | ERRO! Usuário ou Senha inválidos |" time="0.009">
    <failure message="expected:&lt;...o ou Senha inválidos[]&gt; but was:&lt;...o ou Senha inválidos[&#10;×]&gt;" type="org.junit.ComparisonFailure"><![CDATA[org.junit.ComparisonFailure: 
expected:<...o ou Senha inválidos[]> but was:<...o ou Senha inválidos[
×]>
]]></failure>
  </testcase>
  <testcase name="" classname="| usuario02 | 123 | ERRO! Usuário ou Senha inválidos |" time="0.012">
    <failure message="expected:&lt;...o ou Senha inválidos[]&gt; but was:&lt;...o ou Senha inválidos[&#10;×]&gt;" type="org.junit.ComparisonFailure"><![CDATA[org.junit.ComparisonFailure: 
expected:<...o ou Senha inválidos[]> but was:<...o ou Senha inválidos[
×]>
]]></failure>
  </testcase>
  <testcase name="Dado que acesso o site" classname="| usuario02 | user1234 |  |" time="0">
    <system-out><![CDATA[
  #teste fail
  @CT02 @all
  Esquema do Cenário: Realizar login.                                           # 02_login.feature:17
    Dado que acesso o site                                                      # LoginSteps.queAcessoOSite()
    Quando efetuo o login com usuario "usuario02" e senha "123"                 # LoginSteps.efetuoOLoginComUsuarioESenha(String,String)
    Entao valido a mensagem "ERRO! Usuário ou Senha inválidos" na tela de login # LoginSteps.valido_a_mensagem_na_tela_de_login(String)
      org.junit.ComparisonFailure: expected:<...o ou Senha inválidos[]> but was:<...o ou Senha inválidos[
      ×]>
      	at org.junit.Assert.assertEquals(Assert.java:117)
      	at org.junit.Assert.assertEquals(Assert.java:146)
      	at pageObjects.LoginPage.errorLogin(LoginPage.java:92)
      	at stepdefinition.LoginSteps.valido_a_mensagem_na_tela_de_login(LoginSteps.java:41)
      	at ?.Entao valido a mensagem "ERRO! Usuário ou Senha inválidos" na tela de login(02_login.feature:12)


Home Page: https://inm-test-app.herokuapp.com/accounts/login/
]]></system-out>
  </testcase>
  <testcase name="Quando efetuo o login com usuario &quot;usuario02&quot; e senha &quot;user1234&quot;" classname="| usuario02 | user1234 |  |" time="0.003"/>
  <testcase name="Entao valido a mensagem &quot;&quot; na tela de login" classname="| usuario02 | user1234 |  |" time="0.003"/>
  <testcase name="" classname="| usuario02 | user1234 |  |" time="0.004"/>
</testsuite>